# JRE version: 7.0_21-b11
# Java VM: Java HotSpot(TM) 64-Bit Server VM (23.21-b01 mixed mode windows-amd64 compressed oops)
Heap
 PSYoungGen      total 18816K, used 17710K [0x00000000eaf60000, 0x00000000ec460000, 0x0000000100000000)
  eden space 16128K, 93% used [0x00000000eaf60000,0x00000000ebe12af8,0x00000000ebf20000)
  from space 2688K, 98% used [0x00000000ec1c0000,0x00000000ec458de8,0x00000000ec460000)
  to   space 2688K, 0% used [0x00000000ebf20000,0x00000000ebf20000,0x00000000ec1c0000)
 ParOldGen       total 43136K, used 5492K [0x00000000c0e00000, 0x00000000c3820000, 0x00000000eaf60000)
  object space 43136K, 12% used [0x00000000c0e00000,0x00000000c135d1e8,0x00000000c3820000)
 PSPermGen       total 21248K, used 15572K [0x00000000b8e00000, 0x00000000ba2c0000, 0x00000000c0e00000)
  object space 21248K, 73% used [0x00000000b8e00000,0x00000000b9d350c0,0x00000000ba2c0000)
GC Heap History (8 events):
Event: 2.182 GC heap before
{Heap before GC invocations=1 (full 0):
 PSYoungGen      total 18816K, used 16128K [0x00000000eaf60000, 0x00000000ec460000, 0x0000000100000000)
  eden space 16128K, 100% used [0x00000000eaf60000,0x00000000ebf20000,0x00000000ebf20000)
  from space 2688K, 0% used [0x00000000ec1c0000,0x00000000ec1c0000,0x00000000ec460000)
  to   space 2688K, 0% used [0x00000000ebf20000,0x00000000ebf20000,0x00000000ec1c0000)
 ParOldGen       total 43136K, used 0K [0x00000000c0e00000, 0x00000000c3820000, 0x00000000eaf60000)
  object space 43136K, 0% used [0x00000000c0e00000,0x00000000c0e00000,0x00000000c3820000)
 PSPermGen       total 21248K, used 6994K [0x00000000b8e00000, 0x00000000ba2c0000, 0x00000000c0e00000)
  object space 21248K, 32% used [0x00000000b8e00000,0x00000000b94d4b70,0x00000000ba2c0000)
Event: 2.190 GC heap after
Heap after GC invocations=1 (full 0):
 PSYoungGen      total 18816K, used 2686K [0x00000000eaf60000, 0x00000000ec460000, 0x0000000100000000)
  eden space 16128K, 0% used [0x00000000eaf60000,0x00000000eaf60000,0x00000000ebf20000)
  from space 2688K, 99% used [0x00000000ebf20000,0x00000000ec1bfb78,0x00000000ec1c0000)
  to   space 2688K, 0% used [0x00000000ec1c0000,0x00000000ec1c0000,0x00000000ec460000)
 ParOldGen       total 43136K, used 408K [0x00000000c0e00000, 0x00000000c3820000, 0x00000000eaf60000)
  object space 43136K, 0% used [0x00000000c0e00000,0x00000000c0e66130,0x00000000c3820000)
 PSPermGen       total 21248K, used 6994K [0x00000000b8e00000, 0x00000000ba2c0000, 0x00000000c0e00000)
  object space 21248K, 32% used [0x00000000b8e00000,0x00000000b94d4b70,0x00000000ba2c0000)
}
Event: 4.164 GC heap before
{Heap before GC invocations=2 (full 0):
 PSYoungGen      total 18816K, used 18814K [0x00000000eaf60000, 0x00000000ec460000, 0x0000000100000000)
  eden space 16128K, 100% used [0x00000000eaf60000,0x00000000ebf20000,0x00000000ebf20000)
  from space 2688K, 99% used [0x00000000ebf20000,0x00000000ec1bfb78,0x00000000ec1c0000)
  to   space 2688K, 0% used [0x00000000ec1c0000,0x00000000ec1c0000,0x00000000ec460000)
 ParOldGen       total 43136K, used 408K [0x00000000c0e00000, 0x00000000c3820000, 0x00000000eaf60000)
  object space 43136K, 0% used [0x00000000c0e00000,0x00000000c0e66130,0x00000000c3820000)
 PSPermGen       total 21248K, used 12035K [0x00000000b8e00000, 0x00000000ba2c0000, 0x00000000c0e00000)
  object space 21248K, 56% used [0x00000000b8e00000,0x00000000b99c0e60,0x00000000ba2c0000)
Event: 4.175 GC heap after
Heap after GC invocations=2 (full 0):
 PSYoungGen      total 18816K, used 2659K [0x00000000eaf60000, 0x00000000ec460000, 0x0000000100000000)
  eden space 16128K, 0% used [0x00000000eaf60000,0x00000000eaf60000,0x00000000ebf20000)
  from space 2688K, 98% used [0x00000000ec1c0000,0x00000000ec458df8,0x00000000ec460000)
  to   space 2688K, 0% used [0x00000000ebf20000,0x00000000ebf20000,0x00000000ec1c0000)
 ParOldGen       total 43136K, used 2221K [0x00000000c0e00000, 0x00000000c3820000, 0x00000000eaf60000)
  object space 43136K, 5% used [0x00000000c0e00000,0x00000000c102b658,0x00000000c3820000)
 PSPermGen       total 21248K, used 12035K [0x00000000b8e00000, 0x00000000ba2c0000, 0x00000000c0e00000)
  object space 21248K, 56% used [0x00000000b8e00000,0x00000000b99c0e60,0x00000000ba2c0000)
}
Event: 5.835 GC heap before
{Heap before GC invocations=3 (full 0):
 PSYoungGen      total 18816K, used 18787K [0x00000000eaf60000, 0x00000000ec460000, 0x0000000100000000)
  eden space 16128K, 100% used [0x00000000eaf60000,0x00000000ebf20000,0x00000000ebf20000)
  from space 2688K, 98% used [0x00000000ec1c0000,0x00000000ec458df8,0x00000000ec460000)
  to   space 2688K, 0% used [0x00000000ebf20000,0x00000000ebf20000,0x00000000ec1c0000)
 ParOldGen       total 43136K, used 2221K [0x00000000c0e00000, 0x00000000c3820000, 0x00000000eaf60000)
  object space 43136K, 5% used [0x00000000c0e00000,0x00000000c102b658,0x00000000c3820000)
 PSPermGen       total 21248K, used 13613K [0x00000000b8e00000, 0x00000000ba2c0000, 0x00000000c0e00000)
  object space 21248K, 64% used [0x00000000b8e00000,0x00000000b9b4b6f8,0x00000000ba2c0000)
Event: 5.842 GC heap after
Heap after GC invocations=3 (full 0):
 PSYoungGen      total 18816K, used 2678K [0x00000000eaf60000, 0x00000000ec460000, 0x0000000100000000)
  eden space 16128K, 0% used [0x00000000eaf60000,0x00000000eaf60000,0x00000000ebf20000)
  from space 2688K, 99% used [0x00000000ebf20000,0x00000000ec1bda88,0x00000000ec1c0000)
  to   space 2688K, 0% used [0x00000000ec1c0000,0x00000000ec1c0000,0x00000000ec460000)
 ParOldGen       total 43136K, used 3917K [0x00000000c0e00000, 0x00000000c3820000, 0x00000000eaf60000)
  object space 43136K, 9% used [0x00000000c0e00000,0x00000000c11d3758,0x00000000c3820000)
 PSPermGen       total 21248K, used 13613K [0x00000000b8e00000, 0x00000000ba2c0000, 0x00000000c0e00000)
  object space 21248K, 64% used [0x00000000b8e00000,0x00000000b9b4b6f8,0x00000000ba2c0000)
}
Event: 6.828 GC heap before
{Heap before GC invocations=4 (full 0):
 PSYoungGen      total 18816K, used 18806K [0x00000000eaf60000, 0x00000000ec460000, 0x0000000100000000)
  eden space 16128K, 100% used [0x00000000eaf60000,0x00000000ebf20000,0x00000000ebf20000)
  from space 2688K, 99% used [0x00000000ebf20000,0x00000000ec1bda88,0x00000000ec1c0000)
  to   space 2688K, 0% used [0x00000000ec1c0000,0x00000000ec1c0000,0x00000000ec460000)
 ParOldGen       total 43136K, used 3917K [0x00000000c0e00000, 0x00000000c3820000, 0x00000000eaf60000)
  object space 43136K, 9% used [0x00000000c0e00000,0x00000000c11d3758,0x00000000c3820000)
 PSPermGen       total 21248K, used 14830K [0x00000000b8e00000, 0x00000000ba2c0000, 0x00000000c0e00000)
  object space 21248K, 69% used [0x00000000b8e00000,0x00000000b9c7bb50,0x00000000ba2c0000)
Event: 6.835 GC heap after
Heap after GC invocations=4 (full 0):
 PSYoungGen      total 18816K, used 2659K [0x00000000eaf60000, 0x00000000ec460000, 0x0000000100000000)
  eden space 16128K, 0% used [0x00000000eaf60000,0x00000000eaf60000,0x00000000ebf20000)
  from space 2688K, 98% used [0x00000000ec1c0000,0x00000000ec458de8,0x00000000ec460000)
  to   space 2688K, 0% used [0x00000000ebf20000,0x00000000ebf20000,0x00000000ec1c0000)
 ParOldGen       total 43136K, used 5492K [0x00000000c0e00000, 0x00000000c3820000, 0x00000000eaf60000)
  object space 43136K, 12% used [0x00000000c0e00000,0x00000000c135d1e8,0x00000000c3820000)
 PSPermGen       total 21248K, used 14830K [0x00000000b8e00000, 0x00000000ba2c0000, 0x00000000c0e00000)
  object space 21248K, 69% used [0x00000000b8e00000,0x00000000b9c7bb50,0x00000000ba2c0000)
}

